0 silly argv {
0 silly argv   _: [ 'create' ],
0 silly argv   lernaVersion: '9.0.7',
0 silly argv   '$0': 'D:\\IDE\\nvm\\nodejs\\node_global_modules\\node_modules\\lerna\\dist\\cli.js',
0 silly argv   name: 'commitlint-demo'
0 silly argv }
1 notice cli v9.0.7
2 verbose packageConfigs Package manager "pnpm" detected. Resolving packages using `pnpm-workspace.yaml`.
3 verbose rootPath D:\work\encode_format\format_demo
4 warn ENOREMOTE No git remote found, skipping repository property
5 error Error: canceled
5 error     at Interface.<anonymous> (D:\work\encode_format\format_demo\node_modules\read\dist\commonjs\read.js:89:21)
5 error     at Interface.emit (node:events:508:28)
5 error     at [_ttyWrite] [as _ttyWrite] (node:internal/readline/interface:1327:18)
5 error     at ReadStream.onkeypress (node:internal/readline/interface:284:20)
5 error     at ReadStream.emit (node:events:508:28)
5 error     at emitKeys (node:internal/readline/utils:371:14)
5 error     at emitKeys.next (<anonymous>)
5 error     at ReadStream.onData (node:internal/readline/emitKeypressEvents:64:36)
5 error     at ReadStream.emit (node:events:508:28)
